INFO:werkzeug:127.0.0.1 - - [06/Dec/2021 14:10:28] "GET /index HTTP/1.1" 200 -
INFO:werkzeug:127.0.0.1 - - [06/Dec/2021 14:10:28] "GET /static/images/image.jpg HTTP/1.1" 200 -
INFO:werkzeug:127.0.0.1 - - [06/Dec/2021 14:10:28] "[33mGET /favicon.ico HTTP/1.1[0m" 404 -
DEBUG:urllib3.connectionpool:Starting new HTTPS connection (1): newsapi.org:443
DEBUG:urllib3.connectionpool:https://newsapi.org:443 "GET /v2/everything?q=Covid%20COVID-19%20coronavirus&from=%3Cclass%20'datetime.date'%3E&sortBy=popularity&apiKey=d94f92a7e85348be8a233f2740d33a8f HTTP/1.1" 200 None
DEBUG:urllib3.connectionpool:Starting new HTTPS connection (1): api.coronavirus.data.gov.uk:443
DEBUG:urllib3.connectionpool:https://api.coronavirus.data.gov.uk:443 "GET /v1/data?filters=areaType%3Dnation%3BareaName%3DEngland&structure=%7B%22areaType%22%3A%22areaType%22%2C%22areaName%22%3A%22areaName%22%2C%22date%22%3A%22date%22%2C%22cumDailyNsoDeathsByDeathDate%22%3A%22cumDailyNsoDeathsByDeathDate%22%2C%22hospitalCases%22%3A%22hospitalCases%22%2C%22newCasesBySpecimenDate%22%3A%22newCasesBySpecimenDate%22%7D&format=json&page=1 HTTP/1.1" 200 None
DEBUG:urllib3.connectionpool:Starting new HTTPS connection (1): api.coronavirus.data.gov.uk:443
DEBUG:urllib3.connectionpool:https://api.coronavirus.data.gov.uk:443 "GET /v1/data?filters=areaType%3Dnation%3BareaName%3DEngland&structure=%7B%22areaType%22%3A%22areaType%22%2C%22areaName%22%3A%22areaName%22%2C%22date%22%3A%22date%22%2C%22cumDailyNsoDeathsByDeathDate%22%3A%22cumDailyNsoDeathsByDeathDate%22%2C%22hospitalCases%22%3A%22hospitalCases%22%2C%22newCasesBySpecimenDate%22%3A%22newCasesBySpecimenDate%22%7D&format=json&page=2 HTTP/1.1" 204 0
DEBUG:urllib3.connectionpool:Starting new HTTPS connection (1): api.coronavirus.data.gov.uk:443
DEBUG:urllib3.connectionpool:https://api.coronavirus.data.gov.uk:443 "GET /v1/data?filters=areaType%3Dltla%3BareaName%3DExeter&structure=%7B%22areaType%22%3A%22areaType%22%2C%22areaName%22%3A%22areaName%22%2C%22newCasesBySpecimenDate%22%3A%22newCasesBySpecimenDate%22%7D&format=json&page=1 HTTP/1.1" 200 None
DEBUG:urllib3.connectionpool:Starting new HTTPS connection (1): api.coronavirus.data.gov.uk:443
DEBUG:urllib3.connectionpool:https://api.coronavirus.data.gov.uk:443 "GET /v1/data?filters=areaType%3Dltla%3BareaName%3DExeter&structure=%7B%22areaType%22%3A%22areaType%22%2C%22areaName%22%3A%22areaName%22%2C%22newCasesBySpecimenDate%22%3A%22newCasesBySpecimenDate%22%7D&format=json&page=2 HTTP/1.1" 204 0
DEBUG:urllib3.connectionpool:Starting new HTTPS connection (1): newsapi.org:443
DEBUG:urllib3.connectionpool:https://newsapi.org:443 "GET /v2/everything?q=Covid%20COVID-19%20coronavirus&from=%3Cclass%20'datetime.date'%3E&sortBy=popularity&apiKey=d94f92a7e85348be8a233f2740d33a8f HTTP/1.1" 200 None
INFO:werkzeug: * Running on http://127.0.0.1:5000/ (Press CTRL+C to quit)
INFO:werkzeug: * Running on http://127.0.0.1:5000/ (Press CTRL+C to quit)
INFO:root:Data from site:
INFO:root:Time for update: None
INFO:root:Name of update: None
INFO:root:News toggle checked? None
INFO:root:Repeat toggle checked? None
INFO:root:Data update toggle checked? None
INFO:root:Update removed? Name: None
INFO:root:Article to remove: None
INFO:root:Current line in covid data: {'date': '2021-12-04', 'cumDailyNsoDeathsByDeathDate': None, 'hospitalCases': None, 'national_newCasesBySpecimenDate': 6542, 'national_areaType': 'nation', 'national_areaName': 'England', 'local_newCasesBySpecimenDate': 38, 'local_areaType': 'ltla', 'local_areaName': 'Exeter'}
INFO:root:Current line in covid data: {'date': '2021-12-03', 'cumDailyNsoDeathsByDeathDate': None, 'hospitalCases': 5851, 'national_newCasesBySpecimenDate': 28052, 'national_areaType': 'nation', 'national_areaName': 'England', 'local_newCasesBySpecimenDate': 98, 'local_areaType': 'ltla', 'local_areaName': 'Exeter'}
INFO:root:Current line in covid data: {'date': '2021-12-02', 'cumDailyNsoDeathsByDeathDate': None, 'hospitalCases': 5915, 'national_newCasesBySpecimenDate': 38595, 'national_areaType': 'nation', 'national_areaName': 'England', 'local_newCasesBySpecimenDate': 136, 'local_areaType': 'ltla', 'local_areaName': 'Exeter'}
INFO:root:Current line in covid data: {'date': '2021-12-01', 'cumDailyNsoDeathsByDeathDate': None, 'hospitalCases': 5829, 'national_newCasesBySpecimenDate': 44794, 'national_areaType': 'nation', 'national_areaName': 'England', 'local_newCasesBySpecimenDate': 126, 'local_areaType': 'ltla', 'local_areaName': 'Exeter'}
INFO:root:Current line in covid data: {'date': '2021-11-30', 'cumDailyNsoDeathsByDeathDate': None, 'hospitalCases': 6123, 'national_newCasesBySpecimenDate': 46008, 'national_areaType': 'nation', 'national_areaName': 'England', 'local_newCasesBySpecimenDate': 129, 'local_areaType': 'ltla', 'local_areaName': 'Exeter'}
INFO:root:Current line in covid data: {'date': '2021-11-29', 'cumDailyNsoDeathsByDeathDate': None, 'hospitalCases': 6094, 'national_newCasesBySpecimenDate': 46345, 'national_areaType': 'nation', 'national_areaName': 'England', 'local_newCasesBySpecimenDate': 160, 'local_areaType': 'ltla', 'local_areaName': 'Exeter'}
INFO:root:Current line in covid data: {'date': '2021-11-28', 'cumDailyNsoDeathsByDeathDate': None, 'hospitalCases': 5890, 'national_newCasesBySpecimenDate': 32966, 'national_areaType': 'nation', 'national_areaName': 'England', 'local_newCasesBySpecimenDate': 123, 'local_areaType': 'ltla', 'local_areaName': 'Exeter'}
INFO:root:Current line in covid data: {'date': '2021-11-27', 'cumDailyNsoDeathsByDeathDate': None, 'hospitalCases': 5852, 'national_newCasesBySpecimenDate': 27699, 'national_areaType': 'nation', 'national_areaName': 'England', 'local_newCasesBySpecimenDate': 88, 'local_areaType': 'ltla', 'local_areaName': 'Exeter'}
INFO:root:Current line in covid data: {'date': '2021-11-26', 'cumDailyNsoDeathsByDeathDate': None, 'hospitalCases': 5992, 'national_newCasesBySpecimenDate': 32822, 'national_areaType': 'nation', 'national_areaName': 'England', 'local_newCasesBySpecimenDate': 83, 'local_areaType': 'ltla', 'local_areaName': 'Exeter'}
INFO:root:Current line in covid data: {'date': '2021-11-25', 'cumDailyNsoDeathsByDeathDate': None, 'hospitalCases': 6068, 'national_newCasesBySpecimenDate': 36184, 'national_areaType': 'nation', 'national_areaName': 'England', 'local_newCasesBySpecimenDate': 109, 'local_areaType': 'ltla', 'local_areaName': 'Exeter'}
INFO:root:Current line in covid data: {'date': '2021-11-24', 'cumDailyNsoDeathsByDeathDate': None, 'hospitalCases': 6062, 'national_newCasesBySpecimenDate': 38870, 'national_areaType': 'nation', 'national_areaName': 'England', 'local_newCasesBySpecimenDate': 108, 'local_areaType': 'ltla', 'local_areaName': 'Exeter'}
INFO:root:Current line in covid data: {'date': '2021-11-23', 'cumDailyNsoDeathsByDeathDate': None, 'hospitalCases': 6257, 'national_newCasesBySpecimenDate': 40050, 'national_areaType': 'nation', 'national_areaName': 'England', 'local_newCasesBySpecimenDate': 127, 'local_areaType': 'ltla', 'local_areaName': 'Exeter'}
INFO:root:Current line in covid data: {'date': '2021-11-22', 'cumDailyNsoDeathsByDeathDate': None, 'hospitalCases': 6424, 'national_newCasesBySpecimenDate': 41881, 'national_areaType': 'nation', 'national_areaName': 'England', 'local_newCasesBySpecimenDate': 103, 'local_areaType': 'ltla', 'local_areaName': 'Exeter'}
INFO:root:Current line in covid data: {'date': '2021-11-21', 'cumDailyNsoDeathsByDeathDate': None, 'hospitalCases': 6322, 'national_newCasesBySpecimenDate': 31032, 'national_areaType': 'nation', 'national_areaName': 'England', 'local_newCasesBySpecimenDate': 72, 'local_areaType': 'ltla', 'local_areaName': 'Exeter'}
INFO:root:Current line in covid data: {'date': '2021-11-20', 'cumDailyNsoDeathsByDeathDate': None, 'hospitalCases': 6191, 'national_newCasesBySpecimenDate': 29202, 'national_areaType': 'nation', 'national_areaName': 'England', 'local_newCasesBySpecimenDate': 100, 'local_areaType': 'ltla', 'local_areaName': 'Exeter'}
INFO:root:Current line in covid data: {'date': '2021-11-19', 'cumDailyNsoDeathsByDeathDate': 145824, 'hospitalCases': 6310, 'national_newCasesBySpecimenDate': 32451, 'national_areaType': 'nation', 'national_areaName': 'England', 'local_newCasesBySpecimenDate': 86, 'local_areaType': 'ltla', 'local_areaName': 'Exeter'}
INFO:root:All tasks in process_covid_data complete
INFO:root:Local last 7 days cases: 860
INFO:root:National last 7 days cases: 264459
INFO:root:Current hospital cases: 5851
INFO:root:Total deaths: 145824
INFO:root:Data returned
INFO:root:Trimming news: 
INFO:root:Checking for removed articles...
INFO:root:Checking for deleted article 0
INFO:root:Article match found; deleting...
INFO:root:Checking for deleted article 1
INFO:root:No articles found to be removed
INFO:root:Checking for deleted article 2
INFO:root:Article match found; deleting...
INFO:root:Checking for deleted article 3
INFO:root:Article match found; deleting...
INFO:root:Checking for deleted article 4
INFO:root:Article match found; deleting...
INFO:root:Checking for deleted article 5
INFO:root:Article match found; deleting...
INFO:root:Checking for deleted article 6
INFO:root:Article match found; deleting...
INFO:root:Checking for deleted article 7
INFO:root:Article match found; deleting...
INFO:root:Checking for deleted article 8
INFO:root:No articles found to be removed
INFO:root:Checking for deleted article 9
INFO:root:No articles found to be removed
INFO:root:Checking for deleted article 10
INFO:root:No articles found to be removed
INFO:root:Checking for deleted article 11
INFO:root:No articles found to be removed
INFO:root:Checking for deleted article 12
INFO:root:Article match found; deleting...
INFO:root:Checking for deleted article 13
INFO:root:Article match found; deleting...
INFO:root:Trimming returned news down to 5 articles...
INFO:root:Trimming complete
INFO:werkzeug:127.0.0.1 - - [06/Dec/2021 14:25:00] "GET /index HTTP/1.1" 200 -
INFO:werkzeug:127.0.0.1 - - [06/Dec/2021 14:25:01] "GET /static/images/image.jpg HTTP/1.1" 200 -
INFO:root:Data from site:
INFO:root:Time for update: None
INFO:root:Name of update: None
INFO:root:News toggle checked? None
INFO:root:Repeat toggle checked? None
INFO:root:Data update toggle checked? None
INFO:root:Update removed? Name: None
INFO:root:Article to remove: None
INFO:root:Current line in covid data: {'date': '2021-12-04', 'cumDailyNsoDeathsByDeathDate': None, 'hospitalCases': None, 'national_newCasesBySpecimenDate': 6542, 'national_areaType': 'nation', 'national_areaName': 'England', 'local_newCasesBySpecimenDate': 38, 'local_areaType': 'ltla', 'local_areaName': 'Exeter'}
INFO:root:Current line in covid data: {'date': '2021-12-03', 'cumDailyNsoDeathsByDeathDate': None, 'hospitalCases': 5851, 'national_newCasesBySpecimenDate': 28052, 'national_areaType': 'nation', 'national_areaName': 'England', 'local_newCasesBySpecimenDate': 98, 'local_areaType': 'ltla', 'local_areaName': 'Exeter'}
INFO:root:Current line in covid data: {'date': '2021-12-02', 'cumDailyNsoDeathsByDeathDate': None, 'hospitalCases': 5915, 'national_newCasesBySpecimenDate': 38595, 'national_areaType': 'nation', 'national_areaName': 'England', 'local_newCasesBySpecimenDate': 136, 'local_areaType': 'ltla', 'local_areaName': 'Exeter'}
INFO:root:Current line in covid data: {'date': '2021-12-01', 'cumDailyNsoDeathsByDeathDate': None, 'hospitalCases': 5829, 'national_newCasesBySpecimenDate': 44794, 'national_areaType': 'nation', 'national_areaName': 'England', 'local_newCasesBySpecimenDate': 126, 'local_areaType': 'ltla', 'local_areaName': 'Exeter'}
INFO:root:Current line in covid data: {'date': '2021-11-30', 'cumDailyNsoDeathsByDeathDate': None, 'hospitalCases': 6123, 'national_newCasesBySpecimenDate': 46008, 'national_areaType': 'nation', 'national_areaName': 'England', 'local_newCasesBySpecimenDate': 129, 'local_areaType': 'ltla', 'local_areaName': 'Exeter'}
INFO:root:Current line in covid data: {'date': '2021-11-29', 'cumDailyNsoDeathsByDeathDate': None, 'hospitalCases': 6094, 'national_newCasesBySpecimenDate': 46345, 'national_areaType': 'nation', 'national_areaName': 'England', 'local_newCasesBySpecimenDate': 160, 'local_areaType': 'ltla', 'local_areaName': 'Exeter'}
INFO:root:Current line in covid data: {'date': '2021-11-28', 'cumDailyNsoDeathsByDeathDate': None, 'hospitalCases': 5890, 'national_newCasesBySpecimenDate': 32966, 'national_areaType': 'nation', 'national_areaName': 'England', 'local_newCasesBySpecimenDate': 123, 'local_areaType': 'ltla', 'local_areaName': 'Exeter'}
INFO:root:Current line in covid data: {'date': '2021-11-27', 'cumDailyNsoDeathsByDeathDate': None, 'hospitalCases': 5852, 'national_newCasesBySpecimenDate': 27699, 'national_areaType': 'nation', 'national_areaName': 'England', 'local_newCasesBySpecimenDate': 88, 'local_areaType': 'ltla', 'local_areaName': 'Exeter'}
INFO:root:Current line in covid data: {'date': '2021-11-26', 'cumDailyNsoDeathsByDeathDate': None, 'hospitalCases': 5992, 'national_newCasesBySpecimenDate': 32822, 'national_areaType': 'nation', 'national_areaName': 'England', 'local_newCasesBySpecimenDate': 83, 'local_areaType': 'ltla', 'local_areaName': 'Exeter'}
INFO:root:Current line in covid data: {'date': '2021-11-25', 'cumDailyNsoDeathsByDeathDate': None, 'hospitalCases': 6068, 'national_newCasesBySpecimenDate': 36184, 'national_areaType': 'nation', 'national_areaName': 'England', 'local_newCasesBySpecimenDate': 109, 'local_areaType': 'ltla', 'local_areaName': 'Exeter'}
INFO:root:Current line in covid data: {'date': '2021-11-24', 'cumDailyNsoDeathsByDeathDate': None, 'hospitalCases': 6062, 'national_newCasesBySpecimenDate': 38870, 'national_areaType': 'nation', 'national_areaName': 'England', 'local_newCasesBySpecimenDate': 108, 'local_areaType': 'ltla', 'local_areaName': 'Exeter'}
INFO:root:Current line in covid data: {'date': '2021-11-23', 'cumDailyNsoDeathsByDeathDate': None, 'hospitalCases': 6257, 'national_newCasesBySpecimenDate': 40050, 'national_areaType': 'nation', 'national_areaName': 'England', 'local_newCasesBySpecimenDate': 127, 'local_areaType': 'ltla', 'local_areaName': 'Exeter'}
INFO:root:Current line in covid data: {'date': '2021-11-22', 'cumDailyNsoDeathsByDeathDate': None, 'hospitalCases': 6424, 'national_newCasesBySpecimenDate': 41881, 'national_areaType': 'nation', 'national_areaName': 'England', 'local_newCasesBySpecimenDate': 103, 'local_areaType': 'ltla', 'local_areaName': 'Exeter'}
INFO:root:Current line in covid data: {'date': '2021-11-21', 'cumDailyNsoDeathsByDeathDate': None, 'hospitalCases': 6322, 'national_newCasesBySpecimenDate': 31032, 'national_areaType': 'nation', 'national_areaName': 'England', 'local_newCasesBySpecimenDate': 72, 'local_areaType': 'ltla', 'local_areaName': 'Exeter'}
INFO:root:Current line in covid data: {'date': '2021-11-20', 'cumDailyNsoDeathsByDeathDate': None, 'hospitalCases': 6191, 'national_newCasesBySpecimenDate': 29202, 'national_areaType': 'nation', 'national_areaName': 'England', 'local_newCasesBySpecimenDate': 100, 'local_areaType': 'ltla', 'local_areaName': 'Exeter'}
INFO:root:Current line in covid data: {'date': '2021-11-19', 'cumDailyNsoDeathsByDeathDate': 145824, 'hospitalCases': 6310, 'national_newCasesBySpecimenDate': 32451, 'national_areaType': 'nation', 'national_areaName': 'England', 'local_newCasesBySpecimenDate': 86, 'local_areaType': 'ltla', 'local_areaName': 'Exeter'}
INFO:root:All tasks in process_covid_data complete
INFO:root:Local last 7 days cases: 860
INFO:root:National last 7 days cases: 264459
INFO:root:Current hospital cases: 5851
INFO:root:Total deaths: 145824
INFO:root:Data returned
INFO:root:Trimming news: 
INFO:root:Checking for removed articles...
INFO:root:Checking for deleted article 0
INFO:root:No articles found to be removed
INFO:root:Checking for deleted article 1
INFO:root:No articles found to be removed
INFO:root:Checking for deleted article 2
INFO:root:No articles found to be removed
INFO:root:Checking for deleted article 3
INFO:root:No articles found to be removed
INFO:root:Checking for deleted article 4
INFO:root:No articles found to be removed
INFO:root:Checking for deleted article 5
INFO:root:No articles found to be removed
INFO:root:Checking for deleted article 6
INFO:root:No articles found to be removed
INFO:root:Checking for deleted article 7
INFO:root:No articles found to be removed
INFO:root:Checking for deleted article 8
INFO:root:No articles found to be removed
INFO:root:Checking for deleted article 9
INFO:root:No articles found to be removed
INFO:root:Checking for deleted article 10
INFO:root:No articles found to be removed
INFO:root:Checking for deleted article 11
INFO:root:No articles found to be removed
INFO:root:Checking for deleted article 12
INFO:root:No articles found to be removed
INFO:root:Checking for deleted article 13
INFO:root:No articles found to be removed
INFO:root:Trimming returned news down to 5 articles...
INFO:root:Trimming complete
INFO:werkzeug:127.0.0.1 - - [06/Dec/2021 14:25:32] "GET /index HTTP/1.1" 200 -
INFO:werkzeug:127.0.0.1 - - [06/Dec/2021 14:25:54] "[36mGET /static/images/image.jpg HTTP/1.1[0m" 304 -
INFO:root:Data from site:
INFO:root:Time for update: None
INFO:root:Name of update: None
INFO:root:News toggle checked? None
INFO:root:Repeat toggle checked? None
INFO:root:Data update toggle checked? None
INFO:root:Update removed? Name: None
INFO:root:Article to remove: None
INFO:root:Current line in covid data: {'date': '2021-12-04', 'cumDailyNsoDeathsByDeathDate': None, 'hospitalCases': None, 'national_newCasesBySpecimenDate': 6542, 'national_areaType': 'nation', 'national_areaName': 'England', 'local_newCasesBySpecimenDate': 38, 'local_areaType': 'ltla', 'local_areaName': 'Exeter'}
INFO:root:Current line in covid data: {'date': '2021-12-03', 'cumDailyNsoDeathsByDeathDate': None, 'hospitalCases': 5851, 'national_newCasesBySpecimenDate': 28052, 'national_areaType': 'nation', 'national_areaName': 'England', 'local_newCasesBySpecimenDate': 98, 'local_areaType': 'ltla', 'local_areaName': 'Exeter'}
INFO:root:Current line in covid data: {'date': '2021-12-02', 'cumDailyNsoDeathsByDeathDate': None, 'hospitalCases': 5915, 'national_newCasesBySpecimenDate': 38595, 'national_areaType': 'nation', 'national_areaName': 'England', 'local_newCasesBySpecimenDate': 136, 'local_areaType': 'ltla', 'local_areaName': 'Exeter'}
INFO:root:Current line in covid data: {'date': '2021-12-01', 'cumDailyNsoDeathsByDeathDate': None, 'hospitalCases': 5829, 'national_newCasesBySpecimenDate': 44794, 'national_areaType': 'nation', 'national_areaName': 'England', 'local_newCasesBySpecimenDate': 126, 'local_areaType': 'ltla', 'local_areaName': 'Exeter'}
INFO:root:Current line in covid data: {'date': '2021-11-30', 'cumDailyNsoDeathsByDeathDate': None, 'hospitalCases': 6123, 'national_newCasesBySpecimenDate': 46008, 'national_areaType': 'nation', 'national_areaName': 'England', 'local_newCasesBySpecimenDate': 129, 'local_areaType': 'ltla', 'local_areaName': 'Exeter'}
INFO:root:Current line in covid data: {'date': '2021-11-29', 'cumDailyNsoDeathsByDeathDate': None, 'hospitalCases': 6094, 'national_newCasesBySpecimenDate': 46345, 'national_areaType': 'nation', 'national_areaName': 'England', 'local_newCasesBySpecimenDate': 160, 'local_areaType': 'ltla', 'local_areaName': 'Exeter'}
INFO:root:Current line in covid data: {'date': '2021-11-28', 'cumDailyNsoDeathsByDeathDate': None, 'hospitalCases': 5890, 'national_newCasesBySpecimenDate': 32966, 'national_areaType': 'nation', 'national_areaName': 'England', 'local_newCasesBySpecimenDate': 123, 'local_areaType': 'ltla', 'local_areaName': 'Exeter'}
INFO:root:Current line in covid data: {'date': '2021-11-27', 'cumDailyNsoDeathsByDeathDate': None, 'hospitalCases': 5852, 'national_newCasesBySpecimenDate': 27699, 'national_areaType': 'nation', 'national_areaName': 'England', 'local_newCasesBySpecimenDate': 88, 'local_areaType': 'ltla', 'local_areaName': 'Exeter'}
INFO:root:Current line in covid data: {'date': '2021-11-26', 'cumDailyNsoDeathsByDeathDate': None, 'hospitalCases': 5992, 'national_newCasesBySpecimenDate': 32822, 'national_areaType': 'nation', 'national_areaName': 'England', 'local_newCasesBySpecimenDate': 83, 'local_areaType': 'ltla', 'local_areaName': 'Exeter'}
INFO:root:Current line in covid data: {'date': '2021-11-25', 'cumDailyNsoDeathsByDeathDate': None, 'hospitalCases': 6068, 'national_newCasesBySpecimenDate': 36184, 'national_areaType': 'nation', 'national_areaName': 'England', 'local_newCasesBySpecimenDate': 109, 'local_areaType': 'ltla', 'local_areaName': 'Exeter'}
INFO:root:Current line in covid data: {'date': '2021-11-24', 'cumDailyNsoDeathsByDeathDate': None, 'hospitalCases': 6062, 'national_newCasesBySpecimenDate': 38870, 'national_areaType': 'nation', 'national_areaName': 'England', 'local_newCasesBySpecimenDate': 108, 'local_areaType': 'ltla', 'local_areaName': 'Exeter'}
INFO:root:Current line in covid data: {'date': '2021-11-23', 'cumDailyNsoDeathsByDeathDate': None, 'hospitalCases': 6257, 'national_newCasesBySpecimenDate': 40050, 'national_areaType': 'nation', 'national_areaName': 'England', 'local_newCasesBySpecimenDate': 127, 'local_areaType': 'ltla', 'local_areaName': 'Exeter'}
INFO:root:Current line in covid data: {'date': '2021-11-22', 'cumDailyNsoDeathsByDeathDate': None, 'hospitalCases': 6424, 'national_newCasesBySpecimenDate': 41881, 'national_areaType': 'nation', 'national_areaName': 'England', 'local_newCasesBySpecimenDate': 103, 'local_areaType': 'ltla', 'local_areaName': 'Exeter'}
INFO:root:Current line in covid data: {'date': '2021-11-21', 'cumDailyNsoDeathsByDeathDate': None, 'hospitalCases': 6322, 'national_newCasesBySpecimenDate': 31032, 'national_areaType': 'nation', 'national_areaName': 'England', 'local_newCasesBySpecimenDate': 72, 'local_areaType': 'ltla', 'local_areaName': 'Exeter'}
INFO:root:Current line in covid data: {'date': '2021-11-20', 'cumDailyNsoDeathsByDeathDate': None, 'hospitalCases': 6191, 'national_newCasesBySpecimenDate': 29202, 'national_areaType': 'nation', 'national_areaName': 'England', 'local_newCasesBySpecimenDate': 100, 'local_areaType': 'ltla', 'local_areaName': 'Exeter'}
INFO:root:Current line in covid data: {'date': '2021-11-19', 'cumDailyNsoDeathsByDeathDate': 145824, 'hospitalCases': 6310, 'national_newCasesBySpecimenDate': 32451, 'national_areaType': 'nation', 'national_areaName': 'England', 'local_newCasesBySpecimenDate': 86, 'local_areaType': 'ltla', 'local_areaName': 'Exeter'}
INFO:root:All tasks in process_covid_data complete
INFO:root:Local last 7 days cases: 860
INFO:root:National last 7 days cases: 264459
INFO:root:Current hospital cases: 5851
INFO:root:Total deaths: 145824
INFO:root:Data returned
INFO:root:Trimming news: 
INFO:root:Checking for removed articles...
INFO:root:Checking for deleted article 0
INFO:root:No articles found to be removed
INFO:root:Checking for deleted article 1
INFO:root:No articles found to be removed
INFO:root:Checking for deleted article 2
INFO:root:No articles found to be removed
INFO:root:Checking for deleted article 3
INFO:root:No articles found to be removed
INFO:root:Checking for deleted article 4
INFO:root:No articles found to be removed
INFO:root:Checking for deleted article 5
INFO:root:No articles found to be removed
INFO:root:Checking for deleted article 6
INFO:root:No articles found to be removed
INFO:root:Checking for deleted article 7
INFO:root:No articles found to be removed
INFO:root:Checking for deleted article 8
INFO:root:No articles found to be removed
INFO:root:Checking for deleted article 9
INFO:root:No articles found to be removed
INFO:root:Checking for deleted article 10
INFO:root:No articles found to be removed
INFO:root:Checking for deleted article 11
INFO:root:No articles found to be removed
INFO:root:Checking for deleted article 12
INFO:root:No articles found to be removed
INFO:root:Checking for deleted article 13
INFO:root:No articles found to be removed
INFO:root:Trimming returned news down to 5 articles...
INFO:root:Trimming complete
INFO:werkzeug:127.0.0.1 - - [06/Dec/2021 14:26:54] "GET /index HTTP/1.1" 200 -
INFO:werkzeug:127.0.0.1 - - [06/Dec/2021 14:26:54] "[36mGET /static/images/image.jpg HTTP/1.1[0m" 304 -
INFO:root:Data from site:
INFO:root:Time for update: None
INFO:root:Name of update: None
INFO:root:News toggle checked? None
INFO:root:Repeat toggle checked? None
INFO:root:Data update toggle checked? None
INFO:root:Update removed? Name: None
INFO:root:Article to remove: None
INFO:root:Current line in covid data: {'date': '2021-12-04', 'cumDailyNsoDeathsByDeathDate': None, 'hospitalCases': None, 'national_newCasesBySpecimenDate': 6542, 'national_areaType': 'nation', 'national_areaName': 'England', 'local_newCasesBySpecimenDate': 38, 'local_areaType': 'ltla', 'local_areaName': 'Exeter'}
INFO:root:Current line in covid data: {'date': '2021-12-03', 'cumDailyNsoDeathsByDeathDate': None, 'hospitalCases': 5851, 'national_newCasesBySpecimenDate': 28052, 'national_areaType': 'nation', 'national_areaName': 'England', 'local_newCasesBySpecimenDate': 98, 'local_areaType': 'ltla', 'local_areaName': 'Exeter'}
INFO:root:Current line in covid data: {'date': '2021-12-02', 'cumDailyNsoDeathsByDeathDate': None, 'hospitalCases': 5915, 'national_newCasesBySpecimenDate': 38595, 'national_areaType': 'nation', 'national_areaName': 'England', 'local_newCasesBySpecimenDate': 136, 'local_areaType': 'ltla', 'local_areaName': 'Exeter'}
INFO:root:Current line in covid data: {'date': '2021-12-01', 'cumDailyNsoDeathsByDeathDate': None, 'hospitalCases': 5829, 'national_newCasesBySpecimenDate': 44794, 'national_areaType': 'nation', 'national_areaName': 'England', 'local_newCasesBySpecimenDate': 126, 'local_areaType': 'ltla', 'local_areaName': 'Exeter'}
INFO:root:Current line in covid data: {'date': '2021-11-30', 'cumDailyNsoDeathsByDeathDate': None, 'hospitalCases': 6123, 'national_newCasesBySpecimenDate': 46008, 'national_areaType': 'nation', 'national_areaName': 'England', 'local_newCasesBySpecimenDate': 129, 'local_areaType': 'ltla', 'local_areaName': 'Exeter'}
INFO:root:Current line in covid data: {'date': '2021-11-29', 'cumDailyNsoDeathsByDeathDate': None, 'hospitalCases': 6094, 'national_newCasesBySpecimenDate': 46345, 'national_areaType': 'nation', 'national_areaName': 'England', 'local_newCasesBySpecimenDate': 160, 'local_areaType': 'ltla', 'local_areaName': 'Exeter'}
INFO:root:Current line in covid data: {'date': '2021-11-28', 'cumDailyNsoDeathsByDeathDate': None, 'hospitalCases': 5890, 'national_newCasesBySpecimenDate': 32966, 'national_areaType': 'nation', 'national_areaName': 'England', 'local_newCasesBySpecimenDate': 123, 'local_areaType': 'ltla', 'local_areaName': 'Exeter'}
INFO:root:Current line in covid data: {'date': '2021-11-27', 'cumDailyNsoDeathsByDeathDate': None, 'hospitalCases': 5852, 'national_newCasesBySpecimenDate': 27699, 'national_areaType': 'nation', 'national_areaName': 'England', 'local_newCasesBySpecimenDate': 88, 'local_areaType': 'ltla', 'local_areaName': 'Exeter'}
INFO:root:Current line in covid data: {'date': '2021-11-26', 'cumDailyNsoDeathsByDeathDate': None, 'hospitalCases': 5992, 'national_newCasesBySpecimenDate': 32822, 'national_areaType': 'nation', 'national_areaName': 'England', 'local_newCasesBySpecimenDate': 83, 'local_areaType': 'ltla', 'local_areaName': 'Exeter'}
INFO:root:Current line in covid data: {'date': '2021-11-25', 'cumDailyNsoDeathsByDeathDate': None, 'hospitalCases': 6068, 'national_newCasesBySpecimenDate': 36184, 'national_areaType': 'nation', 'national_areaName': 'England', 'local_newCasesBySpecimenDate': 109, 'local_areaType': 'ltla', 'local_areaName': 'Exeter'}
INFO:root:Current line in covid data: {'date': '2021-11-24', 'cumDailyNsoDeathsByDeathDate': None, 'hospitalCases': 6062, 'national_newCasesBySpecimenDate': 38870, 'national_areaType': 'nation', 'national_areaName': 'England', 'local_newCasesBySpecimenDate': 108, 'local_areaType': 'ltla', 'local_areaName': 'Exeter'}
INFO:root:Current line in covid data: {'date': '2021-11-23', 'cumDailyNsoDeathsByDeathDate': None, 'hospitalCases': 6257, 'national_newCasesBySpecimenDate': 40050, 'national_areaType': 'nation', 'national_areaName': 'England', 'local_newCasesBySpecimenDate': 127, 'local_areaType': 'ltla', 'local_areaName': 'Exeter'}
INFO:root:Current line in covid data: {'date': '2021-11-22', 'cumDailyNsoDeathsByDeathDate': None, 'hospitalCases': 6424, 'national_newCasesBySpecimenDate': 41881, 'national_areaType': 'nation', 'national_areaName': 'England', 'local_newCasesBySpecimenDate': 103, 'local_areaType': 'ltla', 'local_areaName': 'Exeter'}
INFO:root:Current line in covid data: {'date': '2021-11-21', 'cumDailyNsoDeathsByDeathDate': None, 'hospitalCases': 6322, 'national_newCasesBySpecimenDate': 31032, 'national_areaType': 'nation', 'national_areaName': 'England', 'local_newCasesBySpecimenDate': 72, 'local_areaType': 'ltla', 'local_areaName': 'Exeter'}
INFO:root:Current line in covid data: {'date': '2021-11-20', 'cumDailyNsoDeathsByDeathDate': None, 'hospitalCases': 6191, 'national_newCasesBySpecimenDate': 29202, 'national_areaType': 'nation', 'national_areaName': 'England', 'local_newCasesBySpecimenDate': 100, 'local_areaType': 'ltla', 'local_areaName': 'Exeter'}
INFO:root:Current line in covid data: {'date': '2021-11-19', 'cumDailyNsoDeathsByDeathDate': 145824, 'hospitalCases': 6310, 'national_newCasesBySpecimenDate': 32451, 'national_areaType': 'nation', 'national_areaName': 'England', 'local_newCasesBySpecimenDate': 86, 'local_areaType': 'ltla', 'local_areaName': 'Exeter'}
INFO:root:All tasks in process_covid_data complete
INFO:root:Local last 7 days cases: 860
INFO:root:National last 7 days cases: 264459
INFO:root:Current hospital cases: 5851
INFO:root:Total deaths: 145824
INFO:root:Data returned
INFO:root:Trimming news: 
INFO:root:Checking for removed articles...
INFO:root:Checking for deleted article 0
INFO:root:No articles found to be removed
INFO:root:Checking for deleted article 1
INFO:root:No articles found to be removed
INFO:root:Checking for deleted article 2
INFO:root:No articles found to be removed
INFO:root:Checking for deleted article 3
INFO:root:No articles found to be removed
INFO:root:Checking for deleted article 4
INFO:root:No articles found to be removed
INFO:root:Checking for deleted article 5
INFO:root:No articles found to be removed
INFO:root:Checking for deleted article 6
INFO:root:No articles found to be removed
INFO:root:Checking for deleted article 7
INFO:root:No articles found to be removed
INFO:root:Checking for deleted article 8
INFO:root:No articles found to be removed
INFO:root:Checking for deleted article 9
INFO:root:No articles found to be removed
INFO:root:Checking for deleted article 10
INFO:root:No articles found to be removed
INFO:root:Checking for deleted article 11
INFO:root:No articles found to be removed
INFO:root:Checking for deleted article 12
INFO:root:No articles found to be removed
INFO:root:Checking for deleted article 13
INFO:root:No articles found to be removed
INFO:root:Trimming returned news down to 5 articles...
INFO:root:Trimming complete
INFO:werkzeug:127.0.0.1 - - [06/Dec/2021 14:27:54] "GET /index HTTP/1.1" 200 -
INFO:werkzeug:127.0.0.1 - - [06/Dec/2021 14:27:55] "GET /static/images/image.jpg HTTP/1.1" 200 -
INFO:root:Data from site:
INFO:root:Time for update: None
INFO:root:Name of update: None
INFO:root:News toggle checked? None
INFO:root:Repeat toggle checked? None
INFO:root:Data update toggle checked? None
INFO:root:Update removed? Name: None
INFO:root:Article to remove: None
INFO:root:Current line in covid data: {'date': '2021-12-04', 'cumDailyNsoDeathsByDeathDate': None, 'hospitalCases': None, 'national_newCasesBySpecimenDate': 6542, 'national_areaType': 'nation', 'national_areaName': 'England', 'local_newCasesBySpecimenDate': 38, 'local_areaType': 'ltla', 'local_areaName': 'Exeter'}
INFO:root:Current line in covid data: {'date': '2021-12-03', 'cumDailyNsoDeathsByDeathDate': None, 'hospitalCases': 5851, 'national_newCasesBySpecimenDate': 28052, 'national_areaType': 'nation', 'national_areaName': 'England', 'local_newCasesBySpecimenDate': 98, 'local_areaType': 'ltla', 'local_areaName': 'Exeter'}
INFO:root:Current line in covid data: {'date': '2021-12-02', 'cumDailyNsoDeathsByDeathDate': None, 'hospitalCases': 5915, 'national_newCasesBySpecimenDate': 38595, 'national_areaType': 'nation', 'national_areaName': 'England', 'local_newCasesBySpecimenDate': 136, 'local_areaType': 'ltla', 'local_areaName': 'Exeter'}
INFO:root:Current line in covid data: {'date': '2021-12-01', 'cumDailyNsoDeathsByDeathDate': None, 'hospitalCases': 5829, 'national_newCasesBySpecimenDate': 44794, 'national_areaType': 'nation', 'national_areaName': 'England', 'local_newCasesBySpecimenDate': 126, 'local_areaType': 'ltla', 'local_areaName': 'Exeter'}
INFO:root:Current line in covid data: {'date': '2021-11-30', 'cumDailyNsoDeathsByDeathDate': None, 'hospitalCases': 6123, 'national_newCasesBySpecimenDate': 46008, 'national_areaType': 'nation', 'national_areaName': 'England', 'local_newCasesBySpecimenDate': 129, 'local_areaType': 'ltla', 'local_areaName': 'Exeter'}
INFO:root:Current line in covid data: {'date': '2021-11-29', 'cumDailyNsoDeathsByDeathDate': None, 'hospitalCases': 6094, 'national_newCasesBySpecimenDate': 46345, 'national_areaType': 'nation', 'national_areaName': 'England', 'local_newCasesBySpecimenDate': 160, 'local_areaType': 'ltla', 'local_areaName': 'Exeter'}
INFO:root:Current line in covid data: {'date': '2021-11-28', 'cumDailyNsoDeathsByDeathDate': None, 'hospitalCases': 5890, 'national_newCasesBySpecimenDate': 32966, 'national_areaType': 'nation', 'national_areaName': 'England', 'local_newCasesBySpecimenDate': 123, 'local_areaType': 'ltla', 'local_areaName': 'Exeter'}
INFO:root:Current line in covid data: {'date': '2021-11-27', 'cumDailyNsoDeathsByDeathDate': None, 'hospitalCases': 5852, 'national_newCasesBySpecimenDate': 27699, 'national_areaType': 'nation', 'national_areaName': 'England', 'local_newCasesBySpecimenDate': 88, 'local_areaType': 'ltla', 'local_areaName': 'Exeter'}
INFO:root:Current line in covid data: {'date': '2021-11-26', 'cumDailyNsoDeathsByDeathDate': None, 'hospitalCases': 5992, 'national_newCasesBySpecimenDate': 32822, 'national_areaType': 'nation', 'national_areaName': 'England', 'local_newCasesBySpecimenDate': 83, 'local_areaType': 'ltla', 'local_areaName': 'Exeter'}
INFO:root:Current line in covid data: {'date': '2021-11-25', 'cumDailyNsoDeathsByDeathDate': None, 'hospitalCases': 6068, 'national_newCasesBySpecimenDate': 36184, 'national_areaType': 'nation', 'national_areaName': 'England', 'local_newCasesBySpecimenDate': 109, 'local_areaType': 'ltla', 'local_areaName': 'Exeter'}
INFO:root:Current line in covid data: {'date': '2021-11-24', 'cumDailyNsoDeathsByDeathDate': None, 'hospitalCases': 6062, 'national_newCasesBySpecimenDate': 38870, 'national_areaType': 'nation', 'national_areaName': 'England', 'local_newCasesBySpecimenDate': 108, 'local_areaType': 'ltla', 'local_areaName': 'Exeter'}
INFO:root:Current line in covid data: {'date': '2021-11-23', 'cumDailyNsoDeathsByDeathDate': None, 'hospitalCases': 6257, 'national_newCasesBySpecimenDate': 40050, 'national_areaType': 'nation', 'national_areaName': 'England', 'local_newCasesBySpecimenDate': 127, 'local_areaType': 'ltla', 'local_areaName': 'Exeter'}
INFO:root:Current line in covid data: {'date': '2021-11-22', 'cumDailyNsoDeathsByDeathDate': None, 'hospitalCases': 6424, 'national_newCasesBySpecimenDate': 41881, 'national_areaType': 'nation', 'national_areaName': 'England', 'local_newCasesBySpecimenDate': 103, 'local_areaType': 'ltla', 'local_areaName': 'Exeter'}
INFO:root:Current line in covid data: {'date': '2021-11-21', 'cumDailyNsoDeathsByDeathDate': None, 'hospitalCases': 6322, 'national_newCasesBySpecimenDate': 31032, 'national_areaType': 'nation', 'national_areaName': 'England', 'local_newCasesBySpecimenDate': 72, 'local_areaType': 'ltla', 'local_areaName': 'Exeter'}
INFO:root:Current line in covid data: {'date': '2021-11-20', 'cumDailyNsoDeathsByDeathDate': None, 'hospitalCases': 6191, 'national_newCasesBySpecimenDate': 29202, 'national_areaType': 'nation', 'national_areaName': 'England', 'local_newCasesBySpecimenDate': 100, 'local_areaType': 'ltla', 'local_areaName': 'Exeter'}
INFO:root:Current line in covid data: {'date': '2021-11-19', 'cumDailyNsoDeathsByDeathDate': 145824, 'hospitalCases': 6310, 'national_newCasesBySpecimenDate': 32451, 'national_areaType': 'nation', 'national_areaName': 'England', 'local_newCasesBySpecimenDate': 86, 'local_areaType': 'ltla', 'local_areaName': 'Exeter'}
INFO:root:All tasks in process_covid_data complete
INFO:root:Local last 7 days cases: 860
INFO:root:National last 7 days cases: 264459
INFO:root:Current hospital cases: 5851
INFO:root:Total deaths: 145824
INFO:root:Data returned
INFO:root:Trimming news: 
INFO:root:Checking for removed articles...
INFO:root:Checking for deleted article 0
INFO:root:No articles found to be removed
INFO:root:Checking for deleted article 1
INFO:root:No articles found to be removed
INFO:root:Checking for deleted article 2
INFO:root:No articles found to be removed
INFO:root:Checking for deleted article 3
INFO:root:No articles found to be removed
INFO:root:Checking for deleted article 4
INFO:root:No articles found to be removed
INFO:root:Checking for deleted article 5
INFO:root:No articles found to be removed
INFO:root:Checking for deleted article 6
INFO:root:No articles found to be removed
INFO:root:Checking for deleted article 7
INFO:root:No articles found to be removed
INFO:root:Checking for deleted article 8
INFO:root:No articles found to be removed
INFO:root:Checking for deleted article 9
INFO:root:No articles found to be removed
INFO:root:Checking for deleted article 10
INFO:root:No articles found to be removed
INFO:root:Checking for deleted article 11
INFO:root:No articles found to be removed
INFO:root:Checking for deleted article 12
INFO:root:No articles found to be removed
INFO:root:Checking for deleted article 13
INFO:root:No articles found to be removed
INFO:root:Trimming returned news down to 5 articles...
INFO:root:Trimming complete
INFO:werkzeug:127.0.0.1 - - [06/Dec/2021 14:28:55] "GET /index HTTP/1.1" 200 -
INFO:werkzeug:127.0.0.1 - - [06/Dec/2021 14:28:55] "GET /static/images/image.jpg HTTP/1.1" 200 -
